TN:
SF:src/config.ts
FNF:0
FNH:0
DA:1,8
DA:2,8
DA:4,8
DA:8,8
DA:10,8
DA:13,8
DA:14,8
DA:17,8
DA:25,8
DA:66,8
LF:10
LH:10
BRDA:13,0,0,8
BRDA:13,0,1,0
BRDA:14,1,0,8
BRDA:14,1,1,0
BRDA:20,2,0,8
BRDA:20,2,1,0
BRDA:21,3,0,8
BRDA:21,3,1,0
BRDA:27,4,0,8
BRDA:27,4,1,0
BRDA:30,5,0,8
BRDA:30,5,1,0
BRDA:31,6,0,8
BRDA:31,6,1,0
BRDA:32,7,0,8
BRDA:32,7,1,0
BRDA:33,8,0,8
BRDA:33,8,1,0
BRDA:37,9,0,8
BRDA:37,9,1,0
BRDA:38,10,0,8
BRDA:38,10,1,0
BRDA:39,11,0,8
BRDA:39,11,1,0
BRDA:43,12,0,8
BRDA:43,12,1,0
BRDA:44,13,0,8
BRDA:44,13,1,0
BRDA:45,14,0,8
BRDA:45,14,1,0
BRDA:46,15,0,8
BRDA:46,15,1,0
BRDA:47,16,0,8
BRDA:47,16,1,0
BRDA:48,17,0,8
BRDA:48,17,1,0
BRDA:49,18,0,8
BRDA:49,18,1,0
BRDA:50,19,0,8
BRDA:50,19,1,0
BRDA:55,20,0,8
BRDA:55,20,1,0
BRDA:56,21,0,8
BRDA:56,21,1,0
BRDA:57,22,0,8
BRDA:57,22,1,0
BRDA:58,23,0,8
BRDA:58,23,1,0
BRDA:59,24,0,8
BRDA:59,24,1,0
BRDA:60,25,0,8
BRDA:60,25,1,0
BRDA:61,26,0,8
BRDA:61,26,1,0
BRDA:62,27,0,8
BRDA:62,27,1,0
BRF:56
BRH:28
end_of_record
TN:
SF:src/websocket-manager.ts
FN:62,(anonymous_1)
FN:93,(anonymous_2)
FN:99,(anonymous_3)
FN:103,(anonymous_4)
FN:109,(anonymous_5)
FN:113,(anonymous_6)
FN:122,(anonymous_7)
FN:130,(anonymous_8)
FN:139,(anonymous_9)
FN:152,(anonymous_10)
FN:161,(anonymous_11)
FN:182,(anonymous_12)
FN:184,(anonymous_13)
FN:187,(anonymous_14)
FN:190,(anonymous_15)
FN:193,(anonymous_16)
FN:196,(anonymous_17)
FN:210,(anonymous_18)
FN:217,(anonymous_19)
FN:225,(anonymous_20)
FN:235,(anonymous_21)
FN:250,(anonymous_22)
FN:264,(anonymous_23)
FN:271,(anonymous_24)
FN:279,(anonymous_25)
FN:289,(anonymous_26)
FN:304,(anonymous_27)
FN:328,(anonymous_28)
FN:354,(anonymous_29)
FN:363,(anonymous_30)
FN:397,(anonymous_31)
FN:431,(anonymous_32)
FN:442,(anonymous_33)
FN:455,(anonymous_34)
FN:469,(anonymous_35)
FN:474,(anonymous_36)
FN:480,(anonymous_37)
FN:494,(anonymous_38)
FN:508,(anonymous_39)
FN:523,(anonymous_40)
FN:528,(anonymous_41)
FN:546,(anonymous_42)
FN:560,(anonymous_43)
FN:575,(anonymous_44)
FN:609,(anonymous_45)
FN:613,(anonymous_46)
FNF:46
FNH:0
FNDA:0,(anonymous_1)
FNDA:0,(anonymous_2)
FNDA:0,(anonymous_3)
FNDA:0,(anonymous_4)
FNDA:0,(anonymous_5)
FNDA:0,(anonymous_6)
FNDA:0,(anonymous_7)
FNDA:0,(anonymous_8)
FNDA:0,(anonymous_9)
FNDA:0,(anonymous_10)
FNDA:0,(anonymous_11)
FNDA:0,(anonymous_12)
FNDA:0,(anonymous_13)
FNDA:0,(anonymous_14)
FNDA:0,(anonymous_15)
FNDA:0,(anonymous_16)
FNDA:0,(anonymous_17)
FNDA:0,(anonymous_18)
FNDA:0,(anonymous_19)
FNDA:0,(anonymous_20)
FNDA:0,(anonymous_21)
FNDA:0,(anonymous_22)
FNDA:0,(anonymous_23)
FNDA:0,(anonymous_24)
FNDA:0,(anonymous_25)
FNDA:0,(anonymous_26)
FNDA:0,(anonymous_27)
FNDA:0,(anonymous_28)
FNDA:0,(anonymous_29)
FNDA:0,(anonymous_30)
FNDA:0,(anonymous_31)
FNDA:0,(anonymous_32)
FNDA:0,(anonymous_33)
FNDA:0,(anonymous_34)
FNDA:0,(anonymous_35)
FNDA:0,(anonymous_36)
FNDA:0,(anonymous_37)
FNDA:0,(anonymous_38)
FNDA:0,(anonymous_39)
FNDA:0,(anonymous_40)
FNDA:0,(anonymous_41)
FNDA:0,(anonymous_42)
FNDA:0,(anonymous_43)
FNDA:0,(anonymous_44)
FNDA:0,(anonymous_45)
FNDA:0,(anonymous_46)
DA:2,1
DA:14,1
DA:15,1
DA:16,1
DA:17,1
DA:30,1
DA:33,0
DA:34,0
DA:35,0
DA:36,0
DA:37,0
DA:38,0
DA:39,0
DA:45,0
DA:46,0
DA:47,0
DA:54,0
DA:62,0
DA:63,0
DA:64,0
DA:67,0
DA:73,0
DA:80,0
DA:94,0
DA:99,0
DA:100,0
DA:101,0
DA:103,0
DA:104,0
DA:105,0
DA:106,0
DA:109,0
DA:110,0
DA:111,0
DA:113,0
DA:114,0
DA:115,0
DA:116,0
DA:119,0
DA:122,0
DA:123,0
DA:124,0
DA:126,0
DA:127,0
DA:130,0
DA:131,0
DA:132,0
DA:134,0
DA:135,0
DA:140,0
DA:153,0
DA:154,0
DA:156,0
DA:158,0
DA:162,0
DA:163,0
DA:165,0
DA:167,0
DA:168,0
DA:170,0
DA:171,0
DA:173,0
DA:174,0
DA:176,0
DA:179,0
DA:184,0
DA:187,0
DA:190,0
DA:193,0
DA:197,0
DA:198,0
DA:199,0
DA:201,0
DA:202,0
DA:203,0
DA:204,0
DA:207,0
DA:208,0
DA:210,0
DA:211,0
DA:212,0
DA:213,0
DA:214,0
DA:217,0
DA:218,0
DA:219,0
DA:220,0
DA:221,0
DA:222,0
DA:225,0
DA:226,0
DA:231,0
DA:232,0
DA:235,0
DA:236,0
DA:237,0
DA:238,0
DA:241,0
DA:246,0
DA:251,0
DA:252,0
DA:253,0
DA:255,0
DA:256,0
DA:257,0
DA:258,0
DA:261,0
DA:262,0
DA:264,0
DA:265,0
DA:266,0
DA:267,0
DA:268,0
DA:271,0
DA:272,0
DA:273,0
DA:274,0
DA:275,0
DA:276,0
DA:279,0
DA:280,0
DA:285,0
DA:286,0
DA:289,0
DA:290,0
DA:291,0
DA:292,0
DA:295,0
DA:300,0
DA:305,0
DA:306,0
DA:307,0
DA:308,0
DA:311,0
DA:317,0
DA:318,0
DA:320,0
DA:324,0
DA:329,0
DA:330,0
DA:331,0
DA:332,0
DA:335,0
DA:343,0
DA:344,0
DA:346,0
DA:350,0
DA:355,0
DA:364,0
DA:365,0
DA:367,0
DA:368,0
DA:369,0
DA:371,0
DA:372,0
DA:374,0
DA:375,0
DA:377,0
DA:378,0
DA:380,0
DA:381,0
DA:383,0
DA:384,0
DA:386,0
DA:387,0
DA:389,0
DA:393,0
DA:398,0
DA:399,0
DA:401,0
DA:402,0
DA:403,0
DA:405,0
DA:406,0
DA:408,0
DA:409,0
DA:411,0
DA:412,0
DA:414,0
DA:415,0
DA:417,0
DA:418,0
DA:420,0
DA:421,0
DA:423,0
DA:427,0
DA:432,0
DA:439,0
DA:443,0
DA:452,0
DA:456,0
DA:466,0
DA:471,0
DA:475,0
DA:476,0
DA:481,0
DA:482,0
DA:484,0
DA:485,0
DA:486,0
DA:491,0
DA:495,0
DA:496,0
DA:497,0
DA:499,0
DA:500,0
DA:503,0
DA:504,0
DA:509,0
DA:510,0
DA:511,0
DA:514,0
DA:521,0
DA:523,0
DA:524,0
DA:529,0
DA:530,0
DA:531,0
DA:534,0
DA:541,0
DA:543,0
DA:547,0
DA:548,0
DA:551,0
DA:552,0
DA:555,0
DA:556,0
DA:561,0
DA:562,0
DA:564,0
DA:565,0
DA:567,0
DA:568,0
DA:569,0
DA:570,0
DA:571,0
DA:576,0
DA:577,0
DA:578,0
DA:585,0
DA:586,0
DA:589,0
DA:590,0
DA:598,0
DA:599,0
DA:600,0
DA:602,0
DA:604,0
DA:605,0
DA:610,0
DA:614,0
LF:251
LH:6
BRDA:153,0,0,0
BRDA:153,0,1,0
BRDA:162,1,0,0
BRDA:162,1,1,0
BRDA:165,2,0,0
BRDA:165,2,1,0
BRDA:165,2,2,0
BRDA:173,3,0,0
BRDA:201,4,0,0
BRDA:201,5,0,0
BRDA:201,5,1,0
BRDA:242,6,0,0
BRDA:242,6,1,0
BRDA:243,7,0,0
BRDA:243,7,1,0
BRDA:255,8,0,0
BRDA:255,9,0,0
BRDA:255,9,1,0
BRDA:296,10,0,0
BRDA:296,10,1,0
BRDA:297,11,0,0
BRDA:297,11,1,0
BRDA:306,12,0,0
BRDA:306,13,0,0
BRDA:306,13,1,0
BRDA:321,14,0,0
BRDA:321,14,1,0
BRDA:322,15,0,0
BRDA:322,15,1,0
BRDA:330,16,0,0
BRDA:330,17,0,0
BRDA:330,17,1,0
BRDA:347,18,0,0
BRDA:347,18,1,0
BRDA:348,19,0,0
BRDA:348,19,1,0
BRDA:356,20,0,0
BRDA:356,20,1,0
BRDA:356,20,2,0
BRDA:356,20,3,0
BRDA:367,21,0,0
BRDA:369,22,0,0
BRDA:369,22,1,0
BRDA:369,22,2,0
BRDA:369,22,3,0
BRDA:369,22,4,0
BRDA:369,22,5,0
BRDA:369,22,6,0
BRDA:401,23,0,0
BRDA:403,24,0,0
BRDA:403,24,1,0
BRDA:403,24,2,0
BRDA:403,24,3,0
BRDA:403,24,4,0
BRDA:403,24,5,0
BRDA:403,24,6,0
BRDA:475,25,0,0
BRDA:485,26,0,0
BRDA:499,27,0,0
BRDA:499,28,0,0
BRDA:499,28,1,0
BRDA:503,29,0,0
BRDA:503,30,0,0
BRDA:503,30,1,0
BRDA:509,31,0,0
BRDA:509,32,0,0
BRDA:509,32,1,0
BRDA:529,33,0,0
BRDA:529,34,0,0
BRDA:529,34,1,0
BRDA:547,35,0,0
BRDA:551,36,0,0
BRDA:555,37,0,0
BRDA:561,38,0,0
BRDA:564,39,0,0
BRDA:570,40,0,0
BRDA:585,41,0,0
BRF:77
BRH:0
end_of_record
TN:
SF:src/services/trade.ts
FN:15,(anonymous_1)
FN:27,(anonymous_2)
FN:34,(anonymous_3)
FN:68,(anonymous_4)
FN:89,(anonymous_5)
FN:119,(anonymous_6)
FN:153,(anonymous_7)
FN:157,(anonymous_8)
FN:161,(anonymous_9)
FN:220,(anonymous_10)
FN:222,(anonymous_11)
FN:240,(anonymous_12)
FN:255,(anonymous_13)
FN:260,(anonymous_14)
FN:286,(anonymous_15)
FN:313,(anonymous_16)
FN:320,(anonymous_17)
FNF:17
FNH:10
FNDA:7,(anonymous_1)
FNDA:0,(anonymous_2)
FNDA:7,(anonymous_3)
FNDA:0,(anonymous_4)
FNDA:0,(anonymous_5)
FNDA:0,(anonymous_6)
FNDA:1,(anonymous_7)
FNDA:4,(anonymous_8)
FNDA:1,(anonymous_9)
FNDA:2,(anonymous_10)
FNDA:2,(anonymous_11)
FNDA:0,(anonymous_12)
FNDA:2,(anonymous_13)
FNDA:2,(anonymous_14)
FNDA:0,(anonymous_15)
FNDA:0,(anonymous_16)
FNDA:3,(anonymous_17)
DA:4,1
DA:5,1
DA:6,1
DA:8,1
DA:9,7
DA:10,7
DA:11,7
DA:16,7
DA:17,7
DA:18,7
DA:19,7
DA:20,0
DA:24,7
DA:25,7
DA:27,0
DA:28,0
DA:29,0
DA:36,7
DA:52,7
DA:69,0
DA:70,0
DA:71,0
DA:72,0
DA:75,0
DA:76,0
DA:87,0
DA:89,0
DA:90,0
DA:91,0
DA:104,0
DA:107,0
DA:108,0
DA:117,0
DA:119,0
DA:120,0
DA:121,0
DA:134,0
DA:137,0
DA:138,0
DA:140,0
DA:141,0
DA:142,0
DA:149,0
DA:154,1
DA:158,4
DA:162,1
DA:163,1
DA:175,1
DA:176,1
DA:177,1
DA:180,0
DA:181,0
DA:182,0
DA:197,0
DA:210,0
DA:211,0
DA:212,0
DA:213,0
DA:215,0
DA:216,0
DA:221,2
DA:222,2
DA:223,2
DA:224,1
DA:225,1
DA:226,1
DA:228,1
DA:231,0
DA:232,0
DA:233,0
DA:240,0
DA:241,0
DA:242,0
DA:243,0
DA:244,0
DA:245,0
DA:247,0
DA:248,0
DA:250,0
DA:251,0
DA:259,2
DA:260,2
DA:261,2
DA:262,1
DA:263,1
DA:267,1
DA:268,1
DA:270,1
DA:273,0
DA:274,0
DA:275,0
DA:286,0
DA:287,0
DA:288,0
DA:300,0
DA:301,0
DA:302,0
DA:303,0
DA:305,0
DA:306,0
DA:308,0
DA:309,0
DA:314,0
DA:315,0
DA:317,0
DA:321,3
DA:322,0
DA:323,0
DA:328,3
LF:109
LH:39
BRDA:19,0,0,0
BRDA:24,1,0,7
BRDA:24,1,1,0
BRDA:100,2,0,0
BRDA:100,2,1,0
BRDA:101,3,0,0
BRDA:101,3,1,0
BRDA:129,4,0,0
BRDA:129,4,1,0
BRDA:129,4,2,0
BRDA:141,5,0,0
BRDA:162,6,0,1
BRDA:205,7,0,0
BRDA:205,7,1,0
BRDA:205,7,2,0
BRDA:221,8,0,2
BRDA:223,9,0,1
BRDA:241,10,0,0
BRDA:259,11,0,2
BRDA:261,12,0,1
BRDA:287,13,0,0
BRDA:296,14,0,0
BRDA:296,14,1,0
BRDA:296,14,2,0
BRDA:321,15,0,0
BRDA:321,15,1,3
BRF:26
BRH:7
end_of_record
TN:
SF:src/services/executor/executor-service.ts
FN:19,(anonymous_1)
FN:31,(anonymous_2)
FN:34,(anonymous_3)
FN:36,(anonymous_4)
FN:41,(anonymous_5)
FN:45,(anonymous_6)
FN:53,(anonymous_7)
FN:90,(anonymous_8)
FN:112,(anonymous_9)
FN:158,(anonymous_10)
FN:187,(anonymous_11)
FN:225,(anonymous_12)
FN:257,(anonymous_13)
FN:282,(anonymous_14)
FN:289,(anonymous_15)
FN:296,(anonymous_16)
FNF:16
FNH:10
FNDA:14,(anonymous_1)
FNDA:7,(anonymous_2)
FNDA:14,(anonymous_3)
FNDA:0,(anonymous_4)
FNDA:0,(anonymous_5)
FNDA:0,(anonymous_6)
FNDA:7,(anonymous_7)
FNDA:7,(anonymous_8)
FNDA:2,(anonymous_9)
FNDA:0,(anonymous_10)
FNDA:0,(anonymous_11)
FNDA:0,(anonymous_12)
FNDA:4,(anonymous_13)
FNDA:2,(anonymous_14)
FNDA:1,(anonymous_15)
FNDA:1,(anonymous_16)
DA:1,2
DA:2,2
DA:4,2
DA:5,2
DA:6,2
DA:7,2
DA:8,2
DA:10,2
DA:16,14
DA:17,14
DA:20,14
DA:21,14
DA:22,14
DA:23,14
DA:24,14
DA:25,14
DA:28,14
DA:31,14
DA:36,14
DA:37,0
DA:41,14
DA:42,0
DA:45,14
DA:46,0
DA:55,7
DA:56,7
DA:59,7
DA:73,7
DA:76,7
DA:79,7
DA:82,7
DA:84,7
DA:91,7
DA:92,5
DA:95,2
DA:97,2
DA:98,2
DA:99,2
DA:100,2
DA:103,0
DA:105,2
DA:113,2
DA:115,2
DA:116,2
DA:117,2
DA:120,2
DA:122,2
DA:124,2
DA:125,2
DA:126,2
DA:127,2
DA:129,2
DA:130,2
DA:134,0
DA:135,0
DA:136,0
DA:137,0
DA:140,0
DA:143,0
DA:146,0
DA:147,0
DA:148,0
DA:149,0
DA:151,0
DA:159,0
DA:161,0
DA:162,0
DA:163,0
DA:164,0
DA:168,0
DA:169,0
DA:170,0
DA:171,0
DA:172,0
DA:175,0
DA:178,0
DA:180,0
DA:188,0
DA:190,0
DA:191,0
DA:192,0
DA:193,0
DA:197,0
DA:199,0
DA:200,0
DA:201,0
DA:202,0
DA:205,0
DA:207,0
DA:210,0
DA:211,0
DA:212,0
DA:213,0
DA:215,0
DA:218,0
DA:226,0
DA:227,0
DA:230,0
DA:231,0
DA:232,0
DA:233,0
DA:237,0
DA:238,0
DA:241,0
DA:242,0
DA:245,0
DA:248,0
DA:250,0
DA:258,4
DA:259,4
DA:260,4
DA:261,1
DA:265,3
DA:266,2
DA:270,1
DA:272,1
DA:274,3
DA:275,3
DA:283,2
DA:290,1
DA:297,1
LF:121
LH:62
BRDA:56,0,0,7
BRDA:56,0,1,7
BRDA:91,1,0,5
BRDA:91,2,0,7
BRDA:91,2,1,7
BRDA:99,3,0,2
BRDA:122,4,0,2
BRDA:147,5,0,0
BRDA:147,5,1,0
BRDA:162,6,0,0
BRDA:191,7,0,0
BRDA:197,8,0,0
BRDA:197,8,1,0
BRDA:200,9,0,0
BRDA:200,9,1,0
BRDA:211,10,0,0
BRDA:211,10,1,0
BRDA:231,11,0,0
BRDA:241,12,0,0
BRDA:260,13,0,1
BRDA:265,14,0,2
BRDA:265,15,0,3
BRDA:265,15,1,1
BRF:23
BRH:11
end_of_record
TN:
SF:src/services/executor/order-monitor.ts
FN:17,(anonymous_1)
FN:26,(anonymous_2)
FN:43,(anonymous_3)
FN:53,(anonymous_4)
FN:75,(anonymous_5)
FN:96,(anonymous_6)
FN:133,(anonymous_7)
FN:152,(anonymous_8)
FN:161,(anonymous_9)
FN:173,(anonymous_10)
FN:184,(anonymous_11)
FN:192,(anonymous_12)
FN:217,(anonymous_13)
FN:230,(anonymous_14)
FN:238,(anonymous_15)
FNF:15
FNH:9
FNDA:9,(anonymous_1)
FNDA:9,(anonymous_2)
FNDA:1,(anonymous_3)
FNDA:1,(anonymous_4)
FNDA:1,(anonymous_5)
FNDA:2,(anonymous_6)
FNDA:0,(anonymous_7)
FNDA:0,(anonymous_8)
FNDA:0,(anonymous_9)
FNDA:0,(anonymous_10)
FNDA:0,(anonymous_11)
FNDA:8,(anonymous_12)
FNDA:3,(anonymous_13)
FNDA:0,(anonymous_14)
FNDA:8,(anonymous_15)
DA:1,3
DA:2,3
DA:4,3
DA:5,3
DA:7,3
DA:9,9
DA:10,9
DA:11,9
DA:12,9
DA:13,9
DA:14,9
DA:15,9
DA:18,9
DA:19,9
DA:20,9
DA:27,9
DA:28,0
DA:31,9
DA:32,9
DA:34,9
DA:35,9
DA:36,9
DA:37,9
DA:44,1
DA:45,1
DA:46,1
DA:47,1
DA:54,1
DA:55,0
DA:56,0
DA:59,1
DA:61,1
DA:69,1
DA:76,1
DA:77,0
DA:78,0
DA:81,1
DA:83,1
DA:90,1
DA:97,2
DA:98,2
DA:101,2
DA:102,1
DA:103,1
DA:104,1
DA:105,1
DA:107,0
DA:108,0
DA:110,1
DA:114,1
DA:115,1
DA:116,1
DA:120,0
DA:121,0
DA:122,0
DA:126,0
DA:134,0
DA:137,0
DA:139,0
DA:142,0
DA:143,0
DA:144,0
DA:153,0
DA:154,0
DA:155,0
DA:162,0
DA:163,0
DA:164,0
DA:167,0
DA:174,0
DA:175,0
DA:176,0
DA:179,0
DA:180,0
DA:182,0
DA:184,0
DA:185,0
DA:193,8
DA:194,8
DA:195,8
DA:196,8
DA:197,8
DA:199,8
DA:200,0
DA:201,0
DA:203,0
DA:207,8
DA:210,8
DA:211,8
DA:218,3
DA:219,0
DA:220,0
DA:223,3
DA:224,3
DA:231,0
DA:232,0
DA:239,8
DA:240,8
LF:98
LH:59
BRDA:27,0,0,0
BRDA:54,1,0,0
BRDA:54,2,0,1
BRDA:54,2,1,1
BRDA:76,3,0,0
BRDA:76,4,0,1
BRDA:76,4,1,1
BRDA:76,4,2,1
BRDA:101,5,0,1
BRDA:102,6,0,1
BRDA:102,6,1,0
BRDA:114,7,0,1
BRDA:120,8,0,0
BRDA:137,9,0,0
BRDA:142,10,0,0
BRDA:174,11,0,0
BRDA:193,12,0,8
BRDA:199,13,0,0
BRDA:218,14,0,0
BRF:19
BRH:9
end_of_record
TN:
SF:src/services/executor/order-repository.ts
FN:17,(anonymous_1)
FN:34,(anonymous_2)
FN:61,(anonymous_3)
FN:73,(anonymous_4)
FN:86,(anonymous_5)
FN:112,(anonymous_6)
FN:119,(anonymous_7)
FN:132,(anonymous_8)
FN:134,(anonymous_9)
FN:140,(anonymous_10)
FN:147,(anonymous_11)
FNF:11
FNH:11
FNDA:15,(anonymous_1)
FNDA:15,(anonymous_2)
FNDA:18,(anonymous_3)
FNDA:12,(anonymous_4)
FNDA:5,(anonymous_5)
FNDA:8,(anonymous_6)
FNDA:2,(anonymous_7)
FNDA:3,(anonymous_8)
FNDA:4,(anonymous_9)
FNDA:2,(anonymous_10)
FNDA:2,(anonymous_11)
DA:2,3
DA:3,3
DA:4,3
DA:10,3
DA:14,15
DA:15,15
DA:18,15
DA:19,15
DA:20,15
DA:23,15
DA:24,12
DA:28,15
DA:35,15
DA:36,15
DA:37,3
DA:38,3
DA:40,3
DA:41,3
DA:43,3
DA:44,20
DA:46,20
DA:47,8
DA:51,3
DA:54,0
DA:62,18
DA:63,18
DA:64,18
DA:66,0
DA:74,12
DA:76,12
DA:77,1
DA:80,12
DA:88,5
DA:89,0
DA:93,5
DA:94,5
DA:96,0
DA:99,5
DA:100,1
DA:104,5
DA:106,5
DA:113,8
DA:120,2
DA:122,2
DA:123,1
DA:126,1
DA:133,3
DA:134,4
DA:141,2
DA:148,2
DA:150,2
DA:151,1
DA:155,1
DA:156,0
DA:160,1
DA:162,1
DA:163,1
LF:57
LH:52
BRDA:23,0,0,12
BRDA:36,1,0,3
BRDA:46,2,0,8
BRDA:76,3,0,1
BRDA:88,4,0,0
BRDA:94,5,0,0
BRDA:94,6,0,5
BRDA:94,6,1,0
BRDA:99,7,0,1
BRDA:113,8,0,8
BRDA:113,8,1,2
BRDA:122,9,0,1
BRDA:150,10,0,1
BRDA:155,11,0,0
BRF:14
BRH:10
end_of_record
TN:
SF:src/services/executor/order-submitter.ts
FN:11,(anonymous_1)
FN:19,(anonymous_2)
FN:74,(anonymous_3)
FN:108,(anonymous_4)
FNF:4
FNH:4
FNDA:9,(anonymous_1)
FNDA:5,(anonymous_2)
FNDA:3,(anonymous_3)
FNDA:5,(anonymous_4)
DA:1,3
DA:2,3
DA:4,3
DA:5,3
DA:6,3
DA:8,3
DA:12,9
DA:13,9
DA:20,5
DA:22,5
DA:25,5
DA:33,4
DA:36,4
DA:39,1
DA:41,1
DA:42,0
DA:43,0
DA:46,0
DA:47,0
DA:48,0
DA:49,0
DA:52,0
DA:54,0
DA:55,0
DA:57,1
DA:58,1
DA:62,1
DA:65,1
DA:67,1
DA:75,3
DA:77,3
DA:85,1
DA:87,1
DA:90,2
DA:91,0
DA:93,0
DA:94,0
DA:99,2
DA:101,2
DA:110,5
DA:119,5
DA:120,5
DA:121,0
DA:122,0
DA:126,5
DA:127,1
DA:131,5
DA:132,0
DA:136,5
DA:137,0
DA:141,5
DA:142,1
DA:145,1
DA:146,1
DA:152,1
DA:153,1
DA:157,1
DA:158,0
DA:163,5
LF:59
LH:42
BRDA:41,0,0,0
BRDA:41,0,1,1
BRDA:42,1,0,0
BRDA:42,1,1,0
BRDA:43,2,0,0
BRDA:43,2,1,0
BRDA:46,3,0,0
BRDA:54,4,0,0
BRDA:57,5,0,1
BRDA:90,6,0,0
BRDA:91,7,0,0
BRDA:119,8,0,5
BRDA:119,8,1,0
BRDA:121,9,0,0
BRDA:126,10,0,1
BRDA:131,11,0,0
BRDA:136,12,0,0
BRDA:141,13,0,1
BRDA:145,14,0,1
BRDA:152,15,0,1
BRDA:157,16,0,0
BRF:21
BRH:7
end_of_record
TN:
SF:src/services/executor/order-validator.ts
FN:14,(anonymous_1)
FN:21,(anonymous_2)
FN:150,(anonymous_3)
FN:168,(anonymous_4)
FNF:4
FNH:4
FNDA:8,(anonymous_1)
FNDA:9,(anonymous_2)
FNDA:5,(anonymous_3)
FNDA:2,(anonymous_4)
DA:1,3
DA:3,3
DA:4,3
DA:11,3
DA:15,8
DA:22,9
DA:25,9
DA:26,0
DA:28,9
DA:29,0
DA:31,9
DA:32,1
DA:34,9
DA:35,1
DA:39,9
DA:40,1
DA:41,8
DA:42,1
DA:46,9
DA:47,1
DA:51,9
DA:52,0
DA:56,9
DA:57,0
DA:59,9
DA:60,0
DA:64,9
DA:65,2
DA:66,0
DA:68,2
DA:69,1
DA:74,9
DA:75,4
DA:81,5
DA:83,5
DA:86,5
DA:87,3
DA:94,2
DA:95,2
DA:98,2
DA:99,0
DA:101,0
DA:102,0
DA:110,0
DA:118,0
DA:123,2
DA:124,2
DA:125,0
DA:130,2
DA:131,2
DA:132,2
DA:139,0
DA:140,0
DA:151,5
DA:152,5
DA:158,5
DA:160,0
DA:161,0
DA:169,2
DA:170,2
DA:178,0
DA:180,2
DA:181,2
LF:63
LH:46
BRDA:25,0,0,0
BRDA:28,1,0,0
BRDA:31,2,0,1
BRDA:34,3,0,1
BRDA:39,4,0,1
BRDA:39,4,1,8
BRDA:39,5,0,9
BRDA:39,5,1,8
BRDA:41,6,0,1
BRDA:41,7,0,8
BRDA:41,7,1,1
BRDA:46,8,0,1
BRDA:46,9,0,9
BRDA:46,9,1,2
BRDA:51,10,0,0
BRDA:51,11,0,9
BRDA:51,11,1,0
BRDA:56,12,0,0
BRDA:56,13,0,9
BRDA:56,13,1,0
BRDA:59,14,0,0
BRDA:59,15,0,9
BRDA:59,15,1,0
BRDA:64,16,0,2
BRDA:65,17,0,0
BRDA:68,18,0,1
BRDA:74,19,0,4
BRDA:86,20,0,3
BRDA:94,21,0,2
BRDA:99,22,0,0
BRDA:99,22,1,0
BRDA:99,23,0,0
BRDA:99,23,1,0
BRDA:101,24,0,0
BRDA:123,25,0,2
BRDA:124,26,0,0
BRDA:130,27,0,2
BRDA:131,28,0,2
BRDA:131,28,1,2
BRF:39
BRH:24
end_of_record
TN:
SF:src/utils/data-processor.ts
FN:24,(anonymous_1)
FN:33,(anonymous_2)
FN:38,(anonymous_3)
FN:43,(anonymous_4)
FN:55,(anonymous_5)
FN:72,(anonymous_6)
FN:76,(anonymous_7)
FN:95,(anonymous_8)
FN:114,(anonymous_9)
FN:134,(anonymous_10)
FN:150,(anonymous_11)
FN:183,(anonymous_12)
FN:200,(anonymous_13)
FN:204,(anonymous_14)
FN:208,(anonymous_15)
FNF:15
FNH:14
FNDA:29,(anonymous_1)
FNDA:29,(anonymous_2)
FNDA:3,(anonymous_3)
FNDA:157,(anonymous_4)
FNDA:4,(anonymous_5)
FNDA:0,(anonymous_6)
FNDA:5,(anonymous_7)
FNDA:157,(anonymous_8)
FNDA:146,(anonymous_9)
FNDA:4,(anonymous_10)
FNDA:5,(anonymous_11)
FNDA:3,(anonymous_12)
FNDA:24,(anonymous_13)
FNDA:1,(anonymous_14)
FNDA:2,(anonymous_15)
DA:2,2
DA:18,2
DA:20,29
DA:21,29
DA:22,29
DA:25,29
DA:26,29
DA:27,29
DA:29,29
DA:30,29
DA:34,29
DA:35,0
DA:38,29
DA:39,3
DA:44,157
DA:45,1
DA:46,1
DA:49,157
DA:50,146
DA:51,146
DA:58,4
DA:59,1
DA:60,3
DA:61,1
DA:62,2
DA:63,1
DA:65,1
DA:66,1
DA:69,3
DA:73,0
DA:77,5
DA:78,1
DA:81,4
DA:82,4
DA:84,4
DA:85,4
DA:86,3
DA:88,1
DA:90,1
DA:91,1
DA:96,157
DA:97,157
DA:99,147
DA:101,4
DA:103,5
DA:105,1
DA:106,1
DA:109,1
DA:110,1
DA:115,146
DA:116,1
DA:119,145
DA:120,2
DA:123,143
DA:124,0
DA:127,143
DA:128,1
DA:131,142
DA:135,4
DA:136,0
DA:139,4
DA:140,1
DA:143,3
DA:144,1
DA:147,2
DA:151,5
DA:152,0
DA:155,5
DA:156,1
DA:159,4
DA:160,0
DA:163,4
DA:164,0
DA:167,4
DA:168,0
DA:171,4
DA:172,1
DA:176,3
DA:177,1
DA:180,2
DA:184,3
DA:185,0
DA:188,3
DA:189,3
DA:191,3
DA:192,3
DA:194,0
DA:196,0
DA:201,24
DA:205,1
DA:209,2
DA:210,2
DA:211,2
DA:213,2
DA:214,2
LF:95
LH:84
BRDA:34,0,0,0
BRDA:44,1,0,1
BRDA:49,2,0,146
BRDA:58,3,0,1
BRDA:58,3,1,3
BRDA:58,4,0,4
BRDA:58,4,1,1
BRDA:60,5,0,1
BRDA:60,5,1,2
BRDA:60,6,0,3
BRDA:60,6,1,1
BRDA:62,7,0,1
BRDA:62,7,1,1
BRDA:62,8,0,2
BRDA:62,8,1,1
BRDA:77,9,0,1
BRDA:97,10,0,147
BRDA:97,10,1,4
BRDA:97,10,2,5
BRDA:97,10,3,1
BRDA:115,11,0,1
BRDA:115,12,0,146
BRDA:115,12,1,145
BRDA:119,13,0,2
BRDA:119,14,0,145
BRDA:119,14,1,143
BRDA:123,15,0,0
BRDA:123,16,0,143
BRDA:123,16,1,143
BRDA:127,17,0,1
BRDA:135,18,0,0
BRDA:135,19,0,4
BRDA:135,19,1,4
BRDA:139,20,0,1
BRDA:139,21,0,4
BRDA:139,21,1,4
BRDA:143,22,0,1
BRDA:143,23,0,3
BRDA:143,23,1,2
BRDA:151,24,0,0
BRDA:151,25,0,5
BRDA:151,25,1,5
BRDA:155,26,0,1
BRDA:155,27,0,5
BRDA:155,27,1,5
BRDA:159,28,0,0
BRDA:159,29,0,4
BRDA:159,29,1,4
BRDA:163,30,0,0
BRDA:163,31,0,4
BRDA:163,31,1,4
BRDA:167,32,0,0
BRDA:167,33,0,4
BRDA:167,33,1,4
BRDA:171,34,0,1
BRDA:171,35,0,4
BRDA:171,35,1,3
BRDA:176,36,0,1
BRDA:184,37,0,0
BRDA:209,38,0,2
BRF:60
BRH:52
end_of_record
TN:
SF:src/utils/error-handler.ts
FN:21,(anonymous_1)
FN:36,(anonymous_2)
FN:51,(anonymous_3)
FN:123,(anonymous_4)
FN:128,(anonymous_5)
FN:133,(anonymous_6)
FN:138,(anonymous_7)
FN:143,(anonymous_8)
FN:159,(anonymous_9)
FN:168,(anonymous_10)
FN:176,(anonymous_11)
FN:182,(anonymous_12)
FNF:12
FNH:9
FNDA:14,(anonymous_1)
FNDA:22,(anonymous_2)
FNDA:22,(anonymous_3)
FNDA:0,(anonymous_4)
FNDA:0,(anonymous_5)
FNDA:0,(anonymous_6)
FNDA:22,(anonymous_7)
FNDA:23,(anonymous_8)
FNDA:9,(anonymous_9)
FNDA:1,(anonymous_10)
FNDA:1,(anonymous_11)
FNDA:1,(anonymous_12)
DA:1,2
DA:2,2
DA:4,2
DA:13,2
DA:18,14
DA:19,14
DA:22,14
DA:29,14
DA:30,14
DA:31,14
DA:32,14
DA:33,14
DA:37,22
DA:38,22
DA:40,22
DA:41,0
DA:42,22
DA:43,0
DA:44,22
DA:45,0
DA:47,22
DA:52,22
DA:53,4
DA:56,18
DA:58,16
DA:59,16
DA:61,16
DA:70,2
DA:78,1
DA:81,1
DA:84,1
DA:91,0
DA:98,0
DA:105,0
DA:115,1
DA:124,0
DA:125,0
DA:129,0
DA:130,0
DA:134,0
DA:135,0
DA:139,22
DA:140,22
DA:144,23
DA:145,9
DA:148,23
DA:149,22
DA:150,22
DA:155,22
DA:159,22
DA:160,9
DA:163,1
DA:164,1
DA:169,1
DA:170,1
DA:171,1
DA:172,1
DA:177,1
DA:178,1
DA:183,1
DA:184,1
LF:61
LH:49
BRDA:40,0,0,0
BRDA:40,0,1,22
BRDA:42,1,0,0
BRDA:42,1,1,22
BRDA:44,2,0,0
BRDA:44,2,1,22
BRDA:52,3,0,4
BRDA:56,4,0,16
BRDA:59,5,0,0
BRDA:59,5,1,16
BRDA:70,6,0,1
BRDA:71,7,0,2
BRDA:71,7,1,2
BRDA:71,7,2,2
BRDA:71,7,3,1
BRDA:71,7,4,1
BRDA:71,7,5,1
BRDA:81,8,0,1
BRDA:81,8,1,1
BRDA:81,8,2,0
BRDA:81,8,3,0
BRDA:81,8,4,0
BRDA:144,9,0,9
BRDA:148,10,0,22
BRDA:148,10,1,1
BRDA:170,11,0,1
BRDA:177,12,0,1
BRF:27
BRH:20
end_of_record
TN:
SF:src/utils/errors.ts
FN:4,(anonymous_0)
FN:15,(anonymous_1)
FN:27,(anonymous_2)
FN:34,(anonymous_3)
FN:41,(anonymous_4)
FNF:5
FNH:5
FNDA:8,(anonymous_0)
FNDA:24,(anonymous_1)
FNDA:2,(anonymous_2)
FNDA:2,(anonymous_3)
FNDA:2,(anonymous_4)
DA:3,4
DA:6,8
DA:7,8
DA:9,8
DA:10,8
DA:14,4
DA:17,24
DA:18,24
DA:19,24
DA:21,24
DA:22,24
DA:26,4
DA:28,2
DA:29,2
DA:33,4
DA:35,2
DA:36,2
DA:40,4
DA:42,2
DA:43,2
LF:20
LH:20
BRDA:27,0,0,1
BRDA:34,1,0,1
BRDA:41,2,0,1
BRF:3
BRH:3
end_of_record
TN:
SF:src/utils/logger.ts
FN:4,(anonymous_0)
FN:8,(anonymous_1)
FN:14,(anonymous_2)
FN:18,(anonymous_3)
FN:22,(anonymous_4)
FN:26,(anonymous_5)
FNF:6
FNH:5
FNDA:70,(anonymous_0)
FNDA:55,(anonymous_1)
FNDA:44,(anonymous_2)
FNDA:8,(anonymous_3)
FNDA:3,(anonymous_4)
FNDA:0,(anonymous_5)
DA:5,70
DA:9,55
DA:10,55
DA:11,55
DA:15,44
DA:19,8
DA:23,3
DA:27,0
DA:31,14
LF:9
LH:8
BRDA:10,0,0,16
BRDA:10,0,1,39
BRDA:10,1,0,0
BRDA:10,1,1,16
BRF:4
BRH:3
end_of_record
