TN:
SF:src/websocket-manager.ts
FN:61,(anonymous_1)
FN:92,(anonymous_2)
FN:98,(anonymous_3)
FN:102,(anonymous_4)
FN:108,(anonymous_5)
FN:112,(anonymous_6)
FN:121,(anonymous_7)
FN:134,(anonymous_8)
FN:143,(anonymous_9)
FN:164,(anonymous_10)
FN:166,(anonymous_11)
FN:169,(anonymous_12)
FN:172,(anonymous_13)
FN:175,(anonymous_14)
FN:188,(anonymous_15)
FN:195,(anonymous_16)
FN:203,(anonymous_17)
FN:209,(anonymous_18)
FN:220,(anonymous_19)
FN:233,(anonymous_20)
FN:240,(anonymous_21)
FN:248,(anonymous_22)
FN:254,(anonymous_23)
FN:265,(anonymous_24)
FN:277,(anonymous_25)
FN:289,(anonymous_26)
FN:298,(anonymous_27)
FN:332,(anonymous_28)
FN:366,(anonymous_29)
FN:377,(anonymous_30)
FN:390,(anonymous_31)
FN:404,(anonymous_32)
FN:409,(anonymous_33)
FN:415,(anonymous_34)
FN:429,(anonymous_35)
FN:443,(anonymous_36)
FN:458,(anonymous_37)
FN:463,(anonymous_38)
FN:481,(anonymous_39)
FN:495,(anonymous_40)
FNF:40
FNH:23
FNDA:11,(anonymous_1)
FNDA:0,(anonymous_2)
FNDA:1,(anonymous_3)
FNDA:0,(anonymous_4)
FNDA:0,(anonymous_5)
FNDA:0,(anonymous_6)
FNDA:43,(anonymous_7)
FNDA:18,(anonymous_8)
FNDA:25,(anonymous_9)
FNDA:11,(anonymous_10)
FNDA:121,(anonymous_11)
FNDA:3630,(anonymous_12)
FNDA:1,(anonymous_13)
FNDA:12,(anonymous_14)
FNDA:6,(anonymous_15)
FNDA:12,(anonymous_16)
FNDA:1,(anonymous_17)
FNDA:0,(anonymous_18)
FNDA:0,(anonymous_19)
FNDA:0,(anonymous_20)
FNDA:0,(anonymous_21)
FNDA:0,(anonymous_22)
FNDA:0,(anonymous_23)
FNDA:6,(anonymous_24)
FNDA:0,(anonymous_25)
FNDA:11,(anonymous_26)
FNDA:12,(anonymous_27)
FNDA:0,(anonymous_28)
FNDA:1,(anonymous_29)
FNDA:1,(anonymous_30)
FNDA:1,(anonymous_31)
FNDA:0,(anonymous_32)
FNDA:3630,(anonymous_33)
FNDA:1,(anonymous_34)
FNDA:121,(anonymous_35)
FNDA:0,(anonymous_36)
FNDA:0,(anonymous_37)
FNDA:0,(anonymous_38)
FNDA:0,(anonymous_39)
FNDA:1,(anonymous_40)
DA:2,1
DA:14,1
DA:15,1
DA:16,1
DA:17,1
DA:29,1
DA:32,11
DA:33,11
DA:34,11
DA:35,11
DA:36,11
DA:37,11
DA:38,11
DA:44,11
DA:45,11
DA:46,11
DA:53,11
DA:61,11
DA:62,11
DA:63,11
DA:66,11
DA:72,11
DA:79,11
DA:93,0
DA:98,11
DA:99,1
DA:100,1
DA:102,11
DA:103,0
DA:104,0
DA:105,0
DA:108,11
DA:109,0
DA:110,0
DA:112,11
DA:113,0
DA:114,0
DA:115,0
DA:118,11
DA:122,43
DA:135,18
DA:136,18
DA:138,0
DA:140,18
DA:144,25
DA:145,25
DA:147,25
DA:149,12
DA:150,12
DA:152,1
DA:153,1
DA:155,12
DA:156,12
DA:158,12
DA:161,25
DA:166,121
DA:169,3630
DA:172,11
DA:176,12
DA:177,12
DA:178,12
DA:180,12
DA:181,0
DA:182,0
DA:183,0
DA:186,12
DA:188,12
DA:189,6
DA:190,6
DA:191,6
DA:192,6
DA:195,12
DA:196,12
DA:197,12
DA:198,12
DA:199,12
DA:200,12
DA:203,12
DA:204,1
DA:205,1
DA:206,1
DA:209,12
DA:210,0
DA:211,0
DA:212,0
DA:215,0
DA:216,0
DA:221,0
DA:222,0
DA:223,0
DA:225,0
DA:226,0
DA:227,0
DA:228,0
DA:231,0
DA:233,0
DA:234,0
DA:235,0
DA:236,0
DA:237,0
DA:240,0
DA:241,0
DA:242,0
DA:243,0
DA:244,0
DA:245,0
DA:248,0
DA:249,0
DA:250,0
DA:251,0
DA:254,0
DA:255,0
DA:256,0
DA:257,0
DA:260,0
DA:261,0
DA:266,6
DA:268,6
DA:274,6
DA:278,0
DA:280,0
DA:286,0
DA:290,11
DA:299,12
DA:300,12
DA:302,11
DA:303,11
DA:304,11
DA:306,1
DA:307,1
DA:309,1
DA:310,1
DA:312,1
DA:313,1
DA:315,1
DA:316,1
DA:318,6
DA:319,6
DA:321,1
DA:322,1
DA:324,0
DA:328,1
DA:333,0
DA:334,0
DA:336,0
DA:337,0
DA:338,0
DA:340,0
DA:341,0
DA:343,0
DA:344,0
DA:346,0
DA:347,0
DA:349,0
DA:350,0
DA:352,0
DA:353,0
DA:355,0
DA:356,0
DA:358,0
DA:362,0
DA:367,1
DA:374,1
DA:378,1
DA:387,1
DA:391,1
DA:401,1
DA:406,0
DA:410,3630
DA:411,0
DA:416,1
DA:417,1
DA:419,1
DA:420,0
DA:421,0
DA:426,1
DA:430,121
DA:431,121
DA:432,121
DA:434,121
DA:435,1
DA:438,121
DA:439,0
DA:444,0
DA:445,0
DA:446,0
DA:449,0
DA:456,0
DA:458,0
DA:459,0
DA:464,0
DA:465,0
DA:466,0
DA:469,0
DA:476,0
DA:478,0
DA:482,0
DA:483,0
DA:486,0
DA:487,0
DA:490,0
DA:491,0
DA:496,1
DA:497,1
DA:499,1
DA:500,0
DA:502,1
DA:503,1
DA:504,1
DA:505,1
DA:506,1
LF:211
LH:116
BRDA:135,0,0,18
BRDA:135,0,1,0
BRDA:144,1,0,25
BRDA:144,1,1,0
BRDA:147,2,0,12
BRDA:147,2,1,1
BRDA:147,2,2,12
BRDA:155,3,0,12
BRDA:180,4,0,0
BRDA:180,5,0,11
BRDA:180,5,1,1
BRDA:180,6,0,12
BRDA:180,6,1,1
BRDA:225,7,0,0
BRDA:225,8,0,0
BRDA:225,8,1,0
BRDA:225,9,0,0
BRDA:225,9,1,0
BRDA:266,10,0,0
BRDA:278,11,0,0
BRDA:291,12,0,11
BRDA:291,12,1,11
BRDA:291,12,2,11
BRDA:291,12,3,11
BRDA:302,13,0,11
BRDA:304,14,0,1
BRDA:304,14,1,1
BRDA:304,14,2,1
BRDA:304,14,3,1
BRDA:304,14,4,6
BRDA:304,14,5,1
BRDA:304,14,6,0
BRDA:336,15,0,0
BRDA:338,16,0,0
BRDA:338,16,1,0
BRDA:338,16,2,0
BRDA:338,16,3,0
BRDA:338,16,4,0
BRDA:338,16,5,0
BRDA:338,16,6,0
BRDA:410,17,0,0
BRDA:420,18,0,0
BRDA:434,19,0,1
BRDA:434,20,0,121
BRDA:434,20,1,1
BRDA:438,21,0,0
BRDA:438,22,0,121
BRDA:438,22,1,0
BRDA:444,23,0,0
BRDA:444,24,0,0
BRDA:444,24,1,0
BRDA:464,25,0,0
BRDA:464,26,0,0
BRDA:464,26,1,0
BRDA:482,27,0,0
BRDA:486,28,0,0
BRDA:490,29,0,0
BRDA:496,30,0,1
BRDA:499,31,0,0
BRDA:505,32,0,1
BRF:60
BRH:27
end_of_record
TN:
SF:src/services/trade.ts
FN:15,(anonymous_8)
FN:27,(anonymous_9)
FN:34,(anonymous_10)
FN:68,(anonymous_11)
FN:89,(anonymous_13)
FN:119,(anonymous_14)
FN:153,(anonymous_15)
FN:157,(anonymous_16)
FN:161,(anonymous_17)
FN:220,(anonymous_19)
FN:222,(anonymous_21)
FN:240,(anonymous_22)
FN:255,(anonymous_23)
FN:260,(anonymous_25)
FN:286,(anonymous_26)
FN:313,(anonymous_27)
FN:320,(anonymous_28)
FNF:17
FNH:10
FNDA:7,(anonymous_8)
FNDA:0,(anonymous_9)
FNDA:7,(anonymous_10)
FNDA:0,(anonymous_11)
FNDA:0,(anonymous_13)
FNDA:0,(anonymous_14)
FNDA:1,(anonymous_15)
FNDA:4,(anonymous_16)
FNDA:1,(anonymous_17)
FNDA:2,(anonymous_19)
FNDA:2,(anonymous_21)
FNDA:0,(anonymous_22)
FNDA:2,(anonymous_23)
FNDA:2,(anonymous_25)
FNDA:0,(anonymous_26)
FNDA:0,(anonymous_27)
FNDA:3,(anonymous_28)
DA:4,1
DA:5,1
DA:6,1
DA:8,1
DA:9,7
DA:10,7
DA:11,7
DA:16,7
DA:17,7
DA:18,7
DA:19,7
DA:20,0
DA:24,7
DA:25,7
DA:27,0
DA:28,0
DA:29,0
DA:36,7
DA:52,7
DA:69,0
DA:70,0
DA:71,0
DA:72,0
DA:75,0
DA:76,0
DA:87,0
DA:89,0
DA:90,0
DA:91,0
DA:104,0
DA:107,0
DA:108,0
DA:117,0
DA:119,0
DA:120,0
DA:121,0
DA:134,0
DA:137,0
DA:138,0
DA:140,0
DA:141,0
DA:142,0
DA:149,0
DA:154,1
DA:158,4
DA:162,1
DA:163,1
DA:175,1
DA:176,1
DA:177,1
DA:180,0
DA:181,0
DA:182,0
DA:197,0
DA:210,0
DA:211,0
DA:212,0
DA:213,0
DA:215,0
DA:216,0
DA:221,2
DA:222,2
DA:223,2
DA:224,1
DA:225,1
DA:226,1
DA:228,1
DA:231,0
DA:232,0
DA:233,0
DA:240,0
DA:241,0
DA:242,0
DA:243,0
DA:244,0
DA:245,0
DA:247,0
DA:248,0
DA:250,0
DA:251,0
DA:259,2
DA:260,2
DA:261,2
DA:262,1
DA:263,1
DA:267,1
DA:268,1
DA:270,1
DA:273,0
DA:274,0
DA:275,0
DA:286,0
DA:287,0
DA:288,0
DA:300,0
DA:301,0
DA:302,0
DA:303,0
DA:305,0
DA:306,0
DA:308,0
DA:309,0
DA:314,0
DA:315,0
DA:317,0
DA:321,3
DA:322,0
DA:323,0
DA:328,3
LF:109
LH:39
BRDA:19,0,0,0
BRDA:24,1,0,7
BRDA:24,1,1,0
BRDA:100,2,0,0
BRDA:100,2,1,0
BRDA:101,3,0,0
BRDA:101,3,1,0
BRDA:129,4,0,0
BRDA:129,4,1,0
BRDA:129,4,2,0
BRDA:141,5,0,0
BRDA:143,6,0,0
BRDA:143,6,1,0
BRDA:143,7,0,0
BRDA:143,7,1,0
BRDA:144,8,0,0
BRDA:144,8,1,0
BRDA:144,9,0,0
BRDA:144,9,1,0
BRDA:145,10,0,0
BRDA:145,10,1,0
BRDA:145,11,0,0
BRDA:145,11,1,0
BRDA:146,12,0,0
BRDA:146,12,1,0
BRDA:146,13,0,0
BRDA:146,13,1,0
BRDA:162,14,0,1
BRDA:205,15,0,0
BRDA:205,15,1,0
BRDA:205,15,2,0
BRDA:221,16,0,2
BRDA:223,17,0,1
BRDA:241,18,0,0
BRDA:259,19,0,2
BRDA:261,20,0,1
BRDA:287,21,0,0
BRDA:296,22,0,0
BRDA:296,22,1,0
BRDA:296,22,2,0
BRDA:321,23,0,0
BRDA:321,23,1,3
BRF:42
BRH:7
end_of_record
TN:
SF:src/types/config.ts
FNF:0
FNH:0
DA:1,1
DA:3,1
DA:50,1
LF:3
LH:3
BRDA:52,0,0,1
BRDA:52,0,1,0
BRDA:55,1,0,1
BRDA:55,1,1,1
BRDA:56,2,0,1
BRDA:56,2,1,0
BRDA:57,3,0,1
BRDA:57,3,1,0
BRDA:58,4,0,1
BRDA:58,4,1,0
BRDA:61,5,0,1
BRDA:61,5,1,1
BRDA:62,6,0,1
BRDA:62,6,1,0
BRDA:63,7,0,1
BRDA:63,7,1,0
BRDA:64,8,0,1
BRDA:64,8,1,0
BRDA:68,9,0,1
BRDA:68,9,1,0
BRDA:69,10,0,1
BRDA:69,10,1,0
BRDA:70,11,0,1
BRDA:70,11,1,0
BRDA:71,12,0,1
BRDA:71,12,1,0
BRDA:72,13,0,1
BRDA:72,13,1,0
BRDA:73,14,0,1
BRDA:73,14,1,0
BRDA:74,15,0,1
BRDA:74,15,1,0
BRF:32
BRH:18
end_of_record
TN:
SF:src/utils/data-processor.ts
FN:24,(anonymous_1)
FN:33,(anonymous_2)
FN:38,(anonymous_3)
FN:43,(anonymous_4)
FN:55,(anonymous_5)
FN:72,(anonymous_6)
FN:76,(anonymous_7)
FN:95,(anonymous_8)
FN:114,(anonymous_9)
FN:134,(anonymous_10)
FN:150,(anonymous_11)
FN:183,(anonymous_12)
FN:200,(anonymous_13)
FN:204,(anonymous_14)
FN:208,(anonymous_15)
FNF:15
FNH:14
FNDA:29,(anonymous_1)
FNDA:29,(anonymous_2)
FNDA:3,(anonymous_3)
FNDA:157,(anonymous_4)
FNDA:4,(anonymous_5)
FNDA:0,(anonymous_6)
FNDA:5,(anonymous_7)
FNDA:157,(anonymous_8)
FNDA:146,(anonymous_9)
FNDA:4,(anonymous_10)
FNDA:5,(anonymous_11)
FNDA:3,(anonymous_12)
FNDA:24,(anonymous_13)
FNDA:1,(anonymous_14)
FNDA:2,(anonymous_15)
DA:2,2
DA:18,2
DA:20,29
DA:21,29
DA:22,29
DA:25,29
DA:26,29
DA:27,29
DA:29,29
DA:30,29
DA:34,29
DA:35,0
DA:38,29
DA:39,3
DA:44,157
DA:45,1
DA:46,1
DA:49,157
DA:50,146
DA:51,146
DA:58,4
DA:59,1
DA:60,3
DA:61,1
DA:62,2
DA:63,1
DA:65,1
DA:66,1
DA:69,3
DA:73,0
DA:77,5
DA:78,1
DA:81,4
DA:82,4
DA:84,4
DA:85,4
DA:86,3
DA:88,1
DA:90,1
DA:91,1
DA:96,157
DA:97,157
DA:99,147
DA:101,4
DA:103,5
DA:105,1
DA:106,1
DA:109,1
DA:110,1
DA:115,146
DA:116,1
DA:119,145
DA:120,2
DA:123,143
DA:124,0
DA:127,143
DA:128,1
DA:131,142
DA:135,4
DA:136,0
DA:139,4
DA:140,1
DA:143,3
DA:144,1
DA:147,2
DA:151,5
DA:152,0
DA:155,5
DA:156,1
DA:159,4
DA:160,0
DA:163,4
DA:164,0
DA:167,4
DA:168,0
DA:171,4
DA:172,1
DA:176,3
DA:177,1
DA:180,2
DA:184,3
DA:185,0
DA:188,3
DA:189,3
DA:191,3
DA:192,3
DA:194,0
DA:196,0
DA:201,24
DA:205,1
DA:209,2
DA:210,2
DA:211,2
DA:213,2
DA:214,2
LF:95
LH:84
BRDA:34,0,0,0
BRDA:44,1,0,1
BRDA:49,2,0,146
BRDA:58,3,0,1
BRDA:58,3,1,3
BRDA:58,4,0,4
BRDA:58,4,1,1
BRDA:60,5,0,1
BRDA:60,5,1,2
BRDA:60,6,0,3
BRDA:60,6,1,1
BRDA:62,7,0,1
BRDA:62,7,1,1
BRDA:62,8,0,2
BRDA:62,8,1,1
BRDA:77,9,0,1
BRDA:97,10,0,147
BRDA:97,10,1,4
BRDA:97,10,2,5
BRDA:97,10,3,1
BRDA:115,11,0,1
BRDA:115,12,0,146
BRDA:115,12,1,145
BRDA:119,13,0,2
BRDA:119,14,0,145
BRDA:119,14,1,143
BRDA:123,15,0,0
BRDA:123,16,0,143
BRDA:123,16,1,143
BRDA:127,17,0,1
BRDA:135,18,0,0
BRDA:135,19,0,4
BRDA:135,19,1,4
BRDA:139,20,0,1
BRDA:139,21,0,4
BRDA:139,21,1,4
BRDA:143,22,0,1
BRDA:143,23,0,3
BRDA:143,23,1,2
BRDA:151,24,0,0
BRDA:151,25,0,5
BRDA:151,25,1,5
BRDA:155,26,0,1
BRDA:155,27,0,5
BRDA:155,27,1,5
BRDA:159,28,0,0
BRDA:159,29,0,4
BRDA:159,29,1,4
BRDA:163,30,0,0
BRDA:163,31,0,4
BRDA:163,31,1,4
BRDA:167,32,0,0
BRDA:167,33,0,4
BRDA:167,33,1,4
BRDA:171,34,0,1
BRDA:171,35,0,4
BRDA:171,35,1,3
BRDA:176,36,0,1
BRDA:184,37,0,0
BRDA:209,38,0,2
BRF:60
BRH:52
end_of_record
TN:
SF:src/utils/error-handler.ts
FN:21,(anonymous_1)
FN:36,(anonymous_2)
FN:51,(anonymous_3)
FN:123,(anonymous_4)
FN:128,(anonymous_5)
FN:133,(anonymous_6)
FN:138,(anonymous_7)
FN:143,(anonymous_8)
FN:159,(anonymous_9)
FN:168,(anonymous_10)
FN:176,(anonymous_11)
FN:182,(anonymous_12)
FNF:12
FNH:9
FNDA:14,(anonymous_1)
FNDA:22,(anonymous_2)
FNDA:22,(anonymous_3)
FNDA:0,(anonymous_4)
FNDA:0,(anonymous_5)
FNDA:0,(anonymous_6)
FNDA:22,(anonymous_7)
FNDA:23,(anonymous_8)
FNDA:9,(anonymous_9)
FNDA:1,(anonymous_10)
FNDA:1,(anonymous_11)
FNDA:1,(anonymous_12)
DA:1,2
DA:2,2
DA:4,2
DA:13,2
DA:18,14
DA:19,14
DA:22,14
DA:29,14
DA:30,14
DA:31,14
DA:32,14
DA:33,14
DA:37,22
DA:38,22
DA:40,22
DA:41,0
DA:42,22
DA:43,0
DA:44,22
DA:45,0
DA:47,22
DA:52,22
DA:53,4
DA:56,18
DA:58,16
DA:59,16
DA:61,16
DA:70,2
DA:78,1
DA:81,1
DA:84,1
DA:91,0
DA:98,0
DA:105,0
DA:115,1
DA:124,0
DA:125,0
DA:129,0
DA:130,0
DA:134,0
DA:135,0
DA:139,22
DA:140,22
DA:144,23
DA:145,9
DA:148,23
DA:149,22
DA:150,22
DA:155,22
DA:159,22
DA:160,9
DA:163,1
DA:164,1
DA:169,1
DA:170,1
DA:171,1
DA:172,1
DA:177,1
DA:178,1
DA:183,1
DA:184,1
LF:61
LH:49
BRDA:40,0,0,0
BRDA:40,0,1,22
BRDA:42,1,0,0
BRDA:42,1,1,22
BRDA:44,2,0,0
BRDA:44,2,1,22
BRDA:52,3,0,4
BRDA:56,4,0,16
BRDA:59,5,0,0
BRDA:59,5,1,16
BRDA:70,6,0,1
BRDA:71,7,0,2
BRDA:71,7,1,2
BRDA:71,7,2,2
BRDA:71,7,3,1
BRDA:71,7,4,1
BRDA:71,7,5,1
BRDA:81,8,0,1
BRDA:81,8,1,1
BRDA:81,8,2,0
BRDA:81,8,3,0
BRDA:81,8,4,0
BRDA:144,9,0,9
BRDA:148,10,0,22
BRDA:148,10,1,1
BRDA:170,11,0,1
BRDA:177,12,0,1
BRF:27
BRH:20
end_of_record
TN:
SF:src/utils/errors.ts
FN:4,(anonymous_0)
FN:15,(anonymous_1)
FN:27,(anonymous_2)
FN:34,(anonymous_3)
FN:41,(anonymous_4)
FNF:5
FNH:5
FNDA:8,(anonymous_0)
FNDA:25,(anonymous_1)
FNDA:2,(anonymous_2)
FNDA:2,(anonymous_3)
FNDA:2,(anonymous_4)
DA:3,4
DA:6,8
DA:7,8
DA:9,8
DA:10,8
DA:14,4
DA:17,25
DA:18,25
DA:19,25
DA:21,25
DA:22,25
DA:26,4
DA:28,2
DA:29,2
DA:33,4
DA:35,2
DA:36,2
DA:40,4
DA:42,2
DA:43,2
LF:20
LH:20
BRDA:27,0,0,1
BRDA:34,1,0,1
BRDA:41,2,0,1
BRF:3
BRH:3
end_of_record
TN:
SF:src/utils/logger.ts
FN:4,(anonymous_0)
FN:8,(anonymous_1)
FN:14,(anonymous_2)
FN:18,(anonymous_3)
FN:22,(anonymous_4)
FN:26,(anonymous_5)
FNF:6
FNH:5
FNDA:18,(anonymous_0)
FNDA:36,(anonymous_1)
FNDA:32,(anonymous_2)
FNDA:1,(anonymous_3)
FNDA:3,(anonymous_4)
FNDA:0,(anonymous_5)
DA:5,18
DA:9,36
DA:10,36
DA:11,36
DA:15,32
DA:19,1
DA:23,3
DA:27,0
DA:31,4
LF:9
LH:8
BRDA:10,0,0,8
BRDA:10,0,1,28
BRDA:10,1,0,7
BRDA:10,1,1,1
BRF:4
BRH:4
end_of_record
